TN:
SF:src\Queues.ts
FNF:0
FNH:0
DA:1,0
LF:1
LH:0
BRF:0
BRH:0
end_of_record
TN:
SF:src\data-source.ts
FNF:0
FNH:0
DA:1,0
DA:2,0
DA:3,0
DA:5,0
LF:4
LH:0
BRF:0
BRH:0
end_of_record
TN:
SF:src\index.ts
FN:5,(anonymous_13)
FN:23,(anonymous_16)
FNF:2
FNH:0
FNDA:0,(anonymous_13)
FNDA:0,(anonymous_16)
DA:1,0
DA:2,0
DA:4,0
DA:5,0
DA:6,0
DA:7,0
DA:8,0
DA:9,0
DA:10,0
DA:11,0
DA:12,0
DA:13,0
DA:15,0
DA:16,0
DA:17,0
DA:19,0
DA:23,0
LF:17
LH:0
BRF:0
BRH:0
end_of_record
TN:
SF:src\main.ts
FN:6,bootstrap
FNF:1
FNH:0
FNDA:0,bootstrap
DA:1,0
DA:2,0
DA:3,0
DA:4,0
DA:7,0
DA:8,0
DA:9,0
DA:10,0
DA:11,0
DA:13,0
LF:10
LH:0
BRF:0
BRH:0
end_of_record
TN:
SF:src\User\user.controller.ts
FN:24,(anonymous_4)
FN:25,BuyerController
FN:26,(anonymous_6)
FN:102,(anonymous_7)
FN:119,(anonymous_8)
FN:208,(anonymous_9)
FNF:6
FNH:5
FNDA:1,(anonymous_4)
FNDA:5,BuyerController
FNDA:1,(anonymous_6)
FNDA:1,(anonymous_7)
FNDA:1,(anonymous_8)
FNDA:0,(anonymous_9)
DA:1,1
DA:12,1
DA:13,1
DA:14,1
DA:24,1
DA:25,5
DA:26,1
DA:99,1
DA:100,1
DA:102,1
DA:116,1
DA:117,1
DA:119,1
DA:198,1
DA:206,1
DA:208,1
DA:228,1
DA:229,0
DA:231,1
LF:19
LH:18
BRF:0
BRH:0
end_of_record
TN:
SF:src\User\user.entity.ts
FN:4,(anonymous_2)
FNF:1
FNH:1
FNDA:3,(anonymous_2)
DA:1,2
DA:4,2
DA:5,2
DA:8,2
DA:11,2
DA:14,2
DA:16,2
DA:18,2
LF:8
LH:8
BRF:0
BRH:0
end_of_record
TN:
SF:src\User\user.module.ts
FN:32,(anonymous_1)
FN:16,(anonymous_3)
FNF:2
FNH:0
FNDA:0,(anonymous_1)
FNDA:0,(anonymous_3)
DA:1,0
DA:2,0
DA:3,0
DA:4,0
DA:5,0
DA:6,0
DA:7,0
DA:8,0
DA:16,0
DA:32,0
LF:10
LH:0
BRF:0
BRH:0
end_of_record
TN:
SF:src\User\user.service.ts
FN:10,(anonymous_17)
FN:11,BuyerService
FN:15,(anonymous_19)
FN:35,(anonymous_22)
FN:38,(anonymous_23)
FN:55,(anonymous_26)
FNF:6
FNH:3
FNDA:2,(anonymous_17)
FNDA:2,BuyerService
FNDA:1,(anonymous_19)
FNDA:0,(anonymous_22)
FNDA:0,(anonymous_23)
FNDA:0,(anonymous_26)
DA:1,2
DA:2,2
DA:3,2
DA:4,2
DA:10,2
DA:13,2
DA:15,2
DA:17,1
DA:20,1
DA:21,0
DA:23,1
DA:24,1
DA:25,1
DA:26,1
DA:27,1
DA:28,1
DA:29,1
DA:31,0
DA:35,2
DA:36,0
DA:38,2
DA:40,0
DA:41,0
DA:42,0
DA:44,0
DA:45,0
DA:46,0
DA:47,0
DA:49,0
DA:51,0
DA:55,2
DA:57,0
DA:58,0
DA:59,0
DA:61,0
DA:63,0
DA:66,2
LF:37
LH:20
BRDA:20,0,0,0
BRDA:41,1,0,0
BRDA:58,2,0,0
BRF:3
BRH:0
end_of_record
TN:
SF:src\Utils\sendEmail.ts
FN:3,(anonymous_0)
FN:30,(anonymous_1)
FNF:2
FNH:0
FNDA:0,(anonymous_0)
FNDA:0,(anonymous_1)
DA:1,0
DA:3,0
DA:4,0
DA:16,0
DA:18,0
DA:19,0
DA:20,0
DA:23,0
DA:29,0
DA:30,0
DA:31,0
DA:32,0
DA:35,0
DA:38,0
LF:14
LH:0
BRDA:16,0,0,0
BRDA:31,1,0,0
BRF:2
BRH:0
end_of_record
TN:
SF:src\Utils\swagger.ts
FN:4,swaggerDoc
FNF:1
FNH:0
FNDA:0,swaggerDoc
DA:2,0
DA:4,0
DA:5,0
DA:10,0
DA:11,0
LF:5
LH:0
BRF:0
BRH:0
end_of_record
TN:
SF:src\entity\User.ts
FN:4,(anonymous_2)
FNF:1
FNH:0
FNDA:0,(anonymous_2)
DA:1,0
DA:4,0
DA:5,0
DA:8,0
DA:11,0
DA:14,0
DA:16,0
DA:18,0
LF:8
LH:0
BRF:0
BRH:0
end_of_record
TN:
SF:src\validations\buyer.pipe.ts
FN:4,(anonymous_0)
FN:5,(anonymous_2)
FNF:2
FNH:0
FNDA:0,(anonymous_0)
FNDA:0,(anonymous_2)
DA:1,0
DA:3,0
DA:4,0
DA:5,0
DA:6,0
DA:8,0
LF:6
LH:0
BRF:0
BRH:0
end_of_record
